[2015.08.13-12.09.31:855][  0]Log file open, 08/13/15 14:09:31
[2015.08.13-12.09.31:855][  0]LogInit:Display: Running engine for game: JetpackJohn
[2015.08.13-12.09.31:855][  0]LogInit:Display: RandInit(561834139) SRandInit(561834140).
[2015.08.13-12.09.31:855][  0]LogTaskGraph: Started task graph with 4 named threads and 7 total threads.
[2015.08.13-12.09.31:855][  0]LogStats: Stats thread started
[2015.08.13-12.09.31:855][  0]LogInit: Version: 4.8.3-2634408+++depot+UE4-Releases+4.8
[2015.08.13-12.09.31:855][  0]LogInit: API Version: 2579680
[2015.08.13-12.09.31:855][  0]LogInit: Compiled (64-bit): Jul 27 2015 16:24:33
[2015.08.13-12.09.31:855][  0]LogInit: Compiled with Visual C++: 18.00.21005.01
[2015.08.13-12.09.31:855][  0]LogInit: Build Configuration: Development
[2015.08.13-12.09.31:855][  0]LogInit: Branch Name: ++depot+UE4-Releases+4.8
[2015.08.13-12.09.31:855][  0]LogInit: Command line:  
[2015.08.13-12.09.31:855][  0]LogInit: Base directory: P:/Program Files/Epic Games/4.8/Engine/Binaries/Win64/
[2015.08.13-12.09.31:855][  0]LogInit: Rocket: 1
[2015.08.13-12.09.31:867][  0]LogInit: Using libcurl 7.41.0
[2015.08.13-12.09.31:867][  0]LogInit:  - built for x86_64-pc-win32
[2015.08.13-12.09.31:867][  0]LogInit:  - supports SSL with WinSSL
[2015.08.13-12.09.31:867][  0]LogInit:  - other features:
[2015.08.13-12.09.31:867][  0]LogInit:      CURL_VERSION_SSL
[2015.08.13-12.09.31:867][  0]LogInit:      CURL_VERSION_IPV6
[2015.08.13-12.09.31:867][  0]LogInit:      CURL_VERSION_ASYNCHDNS
[2015.08.13-12.09.31:867][  0]LogInit:      CURL_VERSION_LARGEFILE
[2015.08.13-12.09.31:867][  0]LogInit:      CURL_VERSION_IDN
[2015.08.13-12.09.31:867][  0]LogInit:  CurlRequestOptions (configurable via config and command line):
[2015.08.13-12.09.31:867][  0]LogInit:  - bVerifyPeer = true  - Libcurl will verify peer certificate
[2015.08.13-12.09.31:867][  0]LogInit:  - bUseHttpProxy = false  - Libcurl will NOT use HTTP proxy
[2015.08.13-12.09.31:867][  0]LogInit:  - bDontReuseConnections = false  - Libcurl will reuse connections
[2015.08.13-12.09.31:867][  0]LogInit:  - CertBundlePath = nullptr  - Libcurl will use whatever was configured at build time.
[2015.08.13-12.09.31:879][  0]LogOnline:Warning: No default platform service specified for OnlineSubsystem
[2015.08.13-12.09.32:001][  0]LogInit: Presizing for 0 objects not considered by GC, pre-allocating 0 bytes.
[2015.08.13-12.09.32:009][  0]LogInit: Object subsystem initialized
[2015.08.13-12.09.32:010][  0]LogConsoleResponse:Warning: Skipping Unknown console variable: 'TranslucentSortAxis = (X=0.000000,Y=-1.000000,Z=0.000000)'
[2015.08.13-12.09.32:010][  0]LogConsoleResponse:Warning:   Found in ini file 'P:/GitHub/JetpackJohn/JetpackJohn/Saved/Config/Windows/Engine.ini', in section '[/Script/Engine.RendererSettings]'
[2015.08.13-12.09.32:010][  0]LogConsoleResponse:Warning: Skipping Unknown console variable: 'UIScaleRule = ShortestSide'
[2015.08.13-12.09.32:010][  0]LogConsoleResponse:Warning:   Found in ini file 'P:/GitHub/JetpackJohn/JetpackJohn/Saved/Config/Windows/Engine.ini', in section '[/Script/Engine.RendererSettings]'
[2015.08.13-12.09.32:010][  0]LogConsoleResponse:Warning: Skipping Unknown console variable: 'UIScaleCurve = (EditorCurveData=(Keys=),ExternalCurve=None)'
[2015.08.13-12.09.32:010][  0]LogConsoleResponse:Warning:   Found in ini file 'P:/GitHub/JetpackJohn/JetpackJohn/Saved/Config/Windows/Engine.ini', in section '[/Script/Engine.RendererSettings]'
[2015.08.13-12.09.32:022][  0]LogInit: Selected Device Profile: [Windows]
[2015.08.13-12.09.32:022][  0]LogInit: Applying CVar settings loaded from the selected device profile: [Windows]
[2015.08.13-12.09.32:048][  0]LogInit: Computer: DESKTOP-VNMQE08
[2015.08.13-12.09.32:048][  0]LogInit: User: onsbe
[2015.08.13-12.09.32:048][  0]LogInit: CPU Page size=4096, Cores=4
[2015.08.13-12.09.32:048][  0]LogInit: High frequency timer resolution =3.312783 MHz
[2015.08.13-12.09.32:048][  0]LogMemory: Memory total: Physical=10.0GB (10GB approx)
[2015.08.13-12.09.32:048][  0]LogMemory: Platform Memory Stats for Windows
[2015.08.13-12.09.32:049][  0]LogMemory: Process Physical Memory: 49.58 MB used, 49.58 MB peak
[2015.08.13-12.09.32:049][  0]LogMemory: Process Virtual Memory: 22.36 MB used, 22.36 MB peak
[2015.08.13-12.09.32:049][  0]LogMemory: Physical Memory: 4772.38 MB used, 10220.29 MB total
[2015.08.13-12.09.32:049][  0]LogMemory: Virtual Memory: 309.87 MB used, 134217728.00 MB total
[2015.08.13-12.09.32:613][  0]LogTextLocalizationManager: The requested culture ('da_DK') has no localization data; falling back to 'en' for localization and internationalization data.
[2015.08.13-12.09.33:001][  0]LogTextLocalizationManager:Warning: Loaded localization resources contain conflicting entries for (Namespace:ContentBrowser, Key:ImportAssetToolTip):
Localization Resource: (P:/Program Files/Epic Games/4.8/Engine/Content/Localization/Editor/en/Editor.locres) Source String Hash: (-630476809) Localized String: (Import to {0}...)
Localization Resource: (P:/Program Files/Epic Games/4.8/Engine/Content/Localization/Editor/en/Editor.locres) Source String Hash: (1271782899) Localized String: (Imports an asset from file to this folder.)
[2015.08.13-12.09.34:007][  0]LogD3D11RHI: Found D3D11 adapter 0: NVIDIA GeForce GTX 770 (Feature Level 11_0)
[2015.08.13-12.09.34:008][  0]LogD3D11RHI: Adapter has 4026MB of dedicated video memory, 0MB of dedicated system memory, and 5110MB of shared system memory, 3 output[s]
[2015.08.13-12.09.34:009][  0]LogD3D11RHI: Found D3D11 adapter 1: Microsoft Basic Render Driver (Feature Level 11_0)
[2015.08.13-12.09.34:009][  0]LogD3D11RHI: Adapter has 0MB of dedicated video memory, 0MB of dedicated system memory, and 5110MB of shared system memory, 0 output[s]
[2015.08.13-12.09.34:009][  0]LogD3D11RHI: Chosen D3D11 Adapter Id = 0
[2015.08.13-12.09.34:013][  0]LogD3D11RHI: InitD3DDevice
[2015.08.13-12.09.34:013][  0]LogD3D11RHI: !Direct3DDevice
[2015.08.13-12.09.34:013][  0]LogRHI: Texture pool is 1361 MB (70% of 1945 MB)
[2015.08.13-12.09.34:029][  0]LogD3D11RHI: Async texture creation enabled
[2015.08.13-12.09.34:420][  0]LogShaderCompilers:Display: Using Local Shader Compiler.
[2015.08.13-12.09.37:476][  0]LogTemp:Display: Loaded TP DesktopTargetPlatform
[2015.08.13-12.09.37:489][  0]LogTemp:Display: Loaded TP WindowsClientTargetPlatform
[2015.08.13-12.09.37:501][  0]LogTemp:Display: Loaded TP WindowsNoEditorTargetPlatform
[2015.08.13-12.09.37:515][  0]LogTemp:Display: Loaded TP WindowsServerTargetPlatform
[2015.08.13-12.09.37:530][  0]LogTemp:Display: Loaded TP WindowsTargetPlatform
[2015.08.13-12.09.37:543][  0]LogTemp:Display: Loaded TP AndroidTargetPlatform
[2015.08.13-12.09.37:555][  0]LogTemp:Display: Loaded TP Android_ASTCTargetPlatform
[2015.08.13-12.09.37:568][  0]LogTemp:Display: Loaded TP Android_ATCTargetPlatform
[2015.08.13-12.09.37:583][  0]LogTemp:Display: Loaded TP Android_DXTTargetPlatform
[2015.08.13-12.09.37:595][  0]LogTemp:Display: Loaded TP Android_ETC1TargetPlatform
[2015.08.13-12.09.37:607][  0]LogTemp:Display: Loaded TP Android_ETC2TargetPlatform
[2015.08.13-12.09.37:619][  0]LogTemp:Display: Loaded TP Android_PVRTCTargetPlatform
[2015.08.13-12.09.37:740][  0]LogTemp:Display: Loaded TP IOSTargetPlatform
[2015.08.13-12.09.37:751][  0]LogTemp:Display: Loaded TP LinuxNoEditorTargetPlatform
[2015.08.13-12.09.37:763][  0]LogTemp:Display: Loaded TP LinuxServerTargetPlatform
[2015.08.13-12.09.37:780][  0]LogTemp:Display: Loaded TP LinuxTargetPlatform
[2015.08.13-12.09.37:780][  0]LogTargetPlatformManager:Display: Building Assets For Windows
[2015.08.13-12.09.38:618][  0]LogDerivedDataCache:Display: Max Cache Size: 512 MB
[2015.08.13-12.09.38:852][  0]LogDerivedDataCache: Loaded boot cache 0.23s 53MB C:/Users/onsbe/AppData/Local/UnrealEngine/4.8/DerivedDataCache/Boot.ddc.
[2015.08.13-12.09.38:852][  0]LogDerivedDataCache:Display: Loaded Boot cache: C:/Users/onsbe/AppData/Local/UnrealEngine/4.8/DerivedDataCache/Boot.ddc
[2015.08.13-12.09.38:853][  0]LogDerivedDataCache: FDerivedDataBackendGraph:  Pak pak cache file ../../../../../../GitHub/JetpackJohn/JetpackJohn/DerivedDataCache/DDC.ddp not found, will not use a pak cache.
[2015.08.13-12.09.38:853][  0]LogDerivedDataCache: Unable to find inner node Pak for hierarchical cache Hierarchy.
[2015.08.13-12.09.38:853][  0]LogDerivedDataCache: FDerivedDataBackendGraph:  CompressedPak pak cache file ../../../../../../GitHub/JetpackJohn/JetpackJohn/DerivedDataCache/Compressed.ddp not found, will not use a pak cache.
[2015.08.13-12.09.38:853][  0]LogDerivedDataCache: Unable to find inner node CompressedPak for hierarchical cache Hierarchy.
[2015.08.13-12.09.39:101][  0]LogDerivedDataCache:Display: Pak cache opened for reading ../../../Engine/DerivedDataCache/Compressed.ddp.
[2015.08.13-12.09.39:114][  0]LogDerivedDataCache: Using Local data cache path C:/Users/onsbe/AppData/Local/UnrealEngine/Common/DerivedDataCache: Writable
[2015.08.13-12.09.49:515][  0]LogInit: Selected Device Profile: [Windows]
[2015.08.13-12.09.50:731][  0]ImportText (ComponentSweepMultiTests): Missing closing parenthesis: (RootShapeAsset="/Engine/BasicShapes/Cube.Cube",ShapeType="TriggerCapsule",HitResult=(Time=0.50,Location=(X=-100.000015,Y=0.0,Z=100.000015),ImpactPoint=(X=-50.0,Y=0.0,Z=50.0),Normal=(X=-1.0,Y=-0.0,Z=0.0),ImpactNormal=(X=0.0,Y=0.0,Z=1.0),TraceStart=(X=-200.0,Y=0.0,Z=200.0),TraceEnd=(X=0.0,Y=0.0,Z=0.0))
[2015.08.13-12.09.50:731][  0]ImportText (LineTraceSingleByChannelTests): Missing closing parenthesis: (RootShapeAsset="/Engine/BasicShapes/Cube.Cube",HitResult=(Time=0.50,Location=(X=-100.000015,Y=0.0,Z=100.000015),ImpactPoint=(X=-50.0,Y=0.0,Z=50.0),Normal=(X=-1.0,Y=-0.0,Z=0.0),ImpactNormal=(X=0.0,Y=0.0,Z=1.0),TraceStart=(X=-200.0,Y=0.0,Z=200.0),TraceEnd=(X=0.0,Y=0.0,Z=0.0))
[2015.08.13-12.09.51:022][  0]LogMeshUtilities: No automatic mesh reduction module available
[2015.08.13-12.09.51:022][  0]LogMeshUtilities: No automatic mesh merging module available
[2015.08.13-12.09.54:514][  0]LogInit: WinSock: version 1.1 (2.2), MaxSocks=32767, MaxUdp=65467
[2015.08.13-12.10.02:053][  0]UdpMessaging: Initializing bridge on interface 0.0.0.0:0 to multicast group 230.0.0.1:6666.
[2015.08.13-12.10.04:237][  0]SourceControl: Info Source control is disabled
[2015.08.13-12.10.04:252][  0]SourceControl: Info Source control is disabled
[2015.08.13-12.10.04:329][  0]SourceControl: Info Source control is disabled
[2015.08.13-12.10.04:364][  0]SourceControl: Info Source control is disabled
[2015.08.13-12.10.05:422][  0]LogObj: 26273 objects as part of root set at end of initial load.
[2015.08.13-12.10.05:422][  0]LogUObjectAllocator: 5409248 out of 0 bytes used by permanent object pool.
[2015.08.13-12.10.06:190][  0]LogEngine: Initializing Engine...
[2015.08.13-12.10.06:219][  0]LogHMD: Can't find Oculus library dev build: is proper Runtime installed? Version: 0.6.0.0
[2015.08.13-12.10.06:627][  0]LogHMD:Warning: SteamVR failed to initialize.  Error: 108
[2015.08.13-12.10.07:918][  0]LogAIModule: Creating AISystem for world NewWorld
[2015.08.13-12.10.08:180][  0]LogInit: XAudio2 using 'Speakers (Realtek High Definition Audio)' : 2 channels at 48 kHz using 32 bits per sample (channel mask 0x3)
[2015.08.13-12.10.08:204][  0]LogInit: FAudioDevice initialized.
[2015.08.13-12.10.08:240][  0]LogDerivedDataCache: Saved boot cache 0.04s 53MB C:/Users/onsbe/AppData/Local/UnrealEngine/4.8/DerivedDataCache/Boot.ddc.
[2015.08.13-12.10.08:280][  0]LogInit: Texture streaming: Disabled
[2015.08.13-12.10.08:373][  0]LogAnalytics: Creating configured Analytics provider AnalyticsET
[2015.08.13-12.10.08:374][  0]LogAnalytics: [UEEditor.Rocket.Release] APIServer = http://et2.epicgames.com/ET2/. AppVersion = 4.8.3-2634408+++depot+UE4-Releases+4.8
[2015.08.13-12.10.08:374][  0]LogAnalytics: [UEEditor.Rocket.Release] SetUserId 45335c0f46cf75e1b71a85a5ad7b04f4|6ce5f8b521c2485a8192789e2da115f6|e4661b30-24d8-4e3a-8749-a627bb396984
[2015.08.13-12.10.08:389][  0]LogAnalytics: [UEEditor.Rocket.Release] AnalyticsET::StartSession
[2015.08.13-12.10.08:758][  0]LogInit: Transaction tracking system initialized
[2015.08.13-12.10.09:225][  0]BlueprintLog: New page: Editor Load
[2015.08.13-12.10.09:378][  0]LogAssetRegistry: FAssetRegistry took 0.0316 seconds to start up
[2015.08.13-12.10.09:398][  0]LogDirectoryWatcher:Warning: Failed to begin reading directory changes for ../../../Engine/Plugins/Experimental/CharacterAI/Content/. Error: 0
[2015.08.13-12.10.15:134][  0]LogConsoleManager:Warning: Console variable 'r.VSync' wasn't set ('GameSetting' has a lower priority than 'SystemSettingsIni')
[2015.08.13-12.10.15:159][  0]LogConsoleResponse:Display: 
[2015.08.13-12.10.16:653][  0]LogCook:Display: Done creating registry. It took  0.00s.
[2015.08.13-12.10.19:495][  0]SourceControl: Info Source control is disabled
[2015.08.13-12.10.19:636][  0]Cmd: MAP LOAD FILE="../../../Engine/Content/Maps/Templates/Template_Default.umap" TEMPLATE=1 SHOWPROGRESS=1 FEATURELEVEL=3
[2015.08.13-12.10.19:777][  0]LightingResults: New page: Lighting Build
[2015.08.13-12.10.20:117][  0]MapCheck: New page: Map Check
[2015.08.13-12.10.20:117][  0]LightingResults: New page: Lighting Build
[2015.08.13-12.10.20:886][  0]LogParticles: Destroying 0 GPU particle simulations for FXSystem 0x0000001C922C0B80
[2015.08.13-12.10.23:003][  0]LogAIModule: Creating AISystem for world Untitled_1
[2015.08.13-12.10.23:950][  0]LogEditorServer: Finished looking for orphan Actors (0.000 secs)
[2015.08.13-12.10.24:088][  0]Cmd: MAP CHECKDEP NOCLEARLOG
[2015.08.13-12.10.24:151][  0]MapCheck: Info Map check complete: 0 Error(s), 0 Warning(s), took 60.544ms to complete.
[2015.08.13-12.10.24:173][  0]LogFileHelpers: Loading map 'Template_Default' took 4.624
[2015.08.13-12.10.25:917][  0]LogCollectionManager: Loaded 0 collections in 0.001479 seconds
[2015.08.13-12.10.25:941][  0]LogContentBrowser: Native class hierarchy populated in 0.0229 seconds. Added 1792 classes and 301 folders.
[2015.08.13-12.10.26:257][  0]LogContentBrowser: Native class hierarchy updated for 'WidgetCarousel' in 0.0003 seconds. Added 0 classes and 0 folders.
[2015.08.13-12.10.26:555][  0]LogContentBrowser: Native class hierarchy updated for 'AddContentDialog' in 0.0003 seconds. Added 0 classes and 0 folders.
[2015.08.13-12.10.26:655][  0]LogContentBrowser: Native class hierarchy updated for 'SceneOutliner' in 0.0004 seconds. Added 1 classes and 2 folders.
[2015.08.13-12.10.27:154][  0]LogCrashTracker: Crashtracker disabled due to settings.
[2015.08.13-12.10.27:693][  0]LogD3D11RHI: InitD3DDevice
[2015.08.13-12.10.27:818][  0]LogUObjectGlobals:Warning: Failed to find object 'Class None.'
[2015.08.13-12.10.27:920][  0]LogLoad: Full Startup: 58.70 seconds (BP compile: 0.89 seconds)
[2015.08.13-12.10.27:961][  0]LogWindowsTextInputMethodSystem:Display: IME system now deactivated.
[2015.08.13-12.10.27:961][  0]LogWindowsTextInputMethodSystem:Display: IME system now deactivated.
[2015.08.13-12.10.28:552][  0]LogContentStreaming: Texture pool size is 0.000000MB
[2015.08.13-12.10.28:644][  0]LogContentStreaming: Texture pool size now 1000 MB
[2015.08.13-12.10.29:666][  0]LogRenderer: Reallocating scene render targets to support 1208x576 (Frame:2).
[2015.08.13-12.10.30:097][  2]LogD3D11RHI: InitD3DDevice
[2015.08.13-12.10.30:350][  7]LogAssetRegistry: Asset discovery search completed in 20.9853 seconds
[2015.08.13-12.10.33:454][361]LogD3D11RHI: InitD3DDevice
[2015.08.13-12.10.35:235][566]LogD3D11RHI: InitD3DDevice
[2015.08.13-12.10.35:336][566]LogUObjectGlobals:Warning: Guid is in use by ArrowComponent /Temp/Untitled_1.Untitled_1:PersistentLevel.LightSource.ArrowComponent0 and ArrowComponent /Game/Levels/Empty_Level.Empty_Level:PersistentLevel.LightSource.ArrowComponent0, which should never happen in the editor but could happen at runtime with duplicate level loading or PIE
[2015.08.13-12.10.35:336][566]LogUObjectGlobals:Warning: Guid is in use by ArrowComponent /Temp/Untitled_1.Untitled_1:PersistentLevel.PlayerStart.Arrow and ArrowComponent /Game/Levels/Empty_Level.Empty_Level:PersistentLevel.PlayerStart.Arrow, which should never happen in the editor but could happen at runtime with duplicate level loading or PIE
[2015.08.13-12.10.35:336][566]LogUObjectGlobals:Warning: Guid is in use by BillboardComponent /Temp/Untitled_1.Untitled_1:PersistentLevel.PlayerStart.Sprite and BillboardComponent /Game/Levels/Empty_Level.Empty_Level:PersistentLevel.PlayerStart.Sprite, which should never happen in the editor but could happen at runtime with duplicate level loading or PIE
[2015.08.13-12.10.35:336][566]LogUObjectGlobals:Warning: Guid is in use by BillboardComponent /Temp/Untitled_1.Untitled_1:PersistentLevel.PlayerStart.Sprite2 and BillboardComponent /Game/Levels/Empty_Level.Empty_Level:PersistentLevel.PlayerStart.Sprite2, which should never happen in the editor but could happen at runtime with duplicate level loading or PIE
[2015.08.13-12.10.35:336][566]LogUObjectGlobals:Warning: Guid is in use by BillboardComponent /Temp/Untitled_1.Untitled_1:PersistentLevel.SkyLight_1.Sprite and BillboardComponent /Game/Levels/Empty_Level.Empty_Level:PersistentLevel.SkyLight_1.Sprite, which should never happen in the editor but could happen at runtime with duplicate level loading or PIE
[2015.08.13-12.10.35:336][566]LogUObjectGlobals:Warning: Guid is in use by CapsuleComponent /Temp/Untitled_1.Untitled_1:PersistentLevel.PlayerStart.CollisionCapsule and CapsuleComponent /Game/Levels/Empty_Level.Empty_Level:PersistentLevel.PlayerStart.CollisionCapsule, which should never happen in the editor but could happen at runtime with duplicate level loading or PIE
[2015.08.13-12.10.35:336][566]LogUObjectGlobals:Warning: Guid is in use by DirectionalLightComponent /Temp/Untitled_1.Untitled_1:PersistentLevel.LightSource.LightComponent0 and DirectionalLightComponent /Game/Levels/Empty_Level.Empty_Level:PersistentLevel.LightSource.LightComponent0, which should never happen in the editor but could happen at runtime with duplicate level loading or PIE
[2015.08.13-12.10.35:337][566]LogUObjectGlobals:Warning: Guid is in use by SkyLightComponent /Temp/Untitled_1.Untitled_1:PersistentLevel.SkyLight_1.SkyLightComponent0 and SkyLightComponent /Game/Levels/Empty_Level.Empty_Level:PersistentLevel.SkyLight_1.SkyLightComponent0, which should never happen in the editor but could happen at runtime with duplicate level loading or PIE
[2015.08.13-12.10.35:367][566]LogAIModule: Creating AISystem for world Empty_Level
[2015.08.13-12.10.35:650][566]Cmd: MAP LOAD FILE="../../../../../../GitHub/JetpackJohn/JetpackJohn/Content/Levels/Empty_Level.umap" TEMPLATE=0 SHOWPROGRESS=1 FEATURELEVEL=3
[2015.08.13-12.10.35:651][566]LightingResults: New page: Lighting Build
[2015.08.13-12.10.35:674][566]LoadErrors: New page: Loading map: Empty_Level.umap
[2015.08.13-12.10.35:686][566]MapCheck: New page: Map Check
[2015.08.13-12.10.35:686][566]LightingResults: New page: Lighting Build
[2015.08.13-12.10.35:728][566]LogParticles: Destroying 0 GPU particle simulations for FXSystem 0x0000001C88BF7920
[2015.08.13-12.10.35:841][566]LogAIModule: Creating AISystem for world Empty_Level
[2015.08.13-12.10.35:919][566]LogEditorServer: Finished looking for orphan Actors (0.000 secs)
[2015.08.13-12.10.35:949][566]Cmd: MAP CHECKDEP NOCLEARLOG
[2015.08.13-12.10.35:987][566]MapCheck: Info Map check complete: 0 Error(s), 0 Warning(s), took 38.677ms to complete.
[2015.08.13-12.10.35:987][566]LogFileHelpers: Loading map 'Empty_Level' took 0.339
[2015.08.13-12.10.51:969][455]LogPlayLevel: PIE:  No blueprints needed recompiling
[2015.08.13-12.10.52:144][455]PIE: New page: PIE session: Empty_Level (Aug 13, 2015, 4:10:51 PM)
[2015.08.13-12.10.52:144][455]LogPlayLevel: Creating play world package: /Game/Levels/UEDPIE_0_Empty_Level
[2015.08.13-12.10.52:162][455]LogPlayLevel: PIE: StaticDuplicateObject took: (0.018296s)
[2015.08.13-12.10.52:173][455]LogAIModule: Creating AISystem for world Empty_Level
[2015.08.13-12.10.52:174][455]LogPlayLevel: PIE: World Init took: (0.001207s)
[2015.08.13-12.10.52:174][455]LogPlayLevel: PIE: Created PIE world by copying editor world from /Game/Levels/Empty_Level.Empty_Level to /Game/Levels/UEDPIE_0_Empty_Level.Empty_Level (0.029866s)
[2015.08.13-12.10.52:215][455]LogInit: XAudio2 using 'Speakers (Realtek High Definition Audio)' : 2 channels at 48 kHz using 32 bits per sample (channel mask 0x3)
[2015.08.13-12.10.52:224][455]LogInit: FAudioDevice initialized.
[2015.08.13-12.10.52:558][455]LogWorld: Game class is 'GameMode_SinglePlayer_C'
[2015.08.13-12.10.52:622][455]LogWorld: Bringing World /Game/Levels/UEDPIE_0_Empty_Level.Empty_Level up for play (max tick rate 0) at 2015.08.13-14.10.52
[2015.08.13-12.10.52:622][455]LogActor:Warning: GameSession /Game/Levels/UEDPIE_0_Empty_Level.Empty_Level:PersistentLevel.GameSession_0 has natively added scene component(s), but none of them were set as the actor's RootComponent - picking one arbitrarily
[2015.08.13-12.10.52:633][455]LogActor:Warning: GameNetworkManager /Game/Levels/UEDPIE_0_Empty_Level.Empty_Level:PersistentLevel.GameNetworkManager_0 has natively added scene component(s), but none of them were set as the actor's RootComponent - picking one arbitrarily
[2015.08.13-12.10.52:652][455]LogWorld: Bringing up level for play took: 0.032973
[2015.08.13-12.10.52:841][455]PIE: Info Play in editor start time for /Game/Levels/UEDPIE_0_Empty_Level 1.715
[2015.08.13-12.11.16:347][221]LogParticles: Destroying 0 GPU particle simulations for FXSystem 0x0000001C8B97EB60
[2015.08.13-12.11.21:993][870]LogD3D11RHI: InitD3DDevice
[2015.08.13-12.11.22:102][870]LogD3D11RHI: InitD3DDevice
[2015.08.13-12.11.22:167][870]LogLinker:Warning: Asset '../../../Engine/Content/ArtTools/RenderToTexture/Macros/RenderToTextureMacros.uasset' has been saved with empty engine version. The asset will be loaded but may be incompatible.
[2015.08.13-12.11.22:275][870]LogLinker:Warning: Asset '../../../Engine/Content/ArtTools/RenderToTexture/Enums/RenderToTexture_Enum.uasset' has been saved with empty engine version. The asset will be loaded but may be incompatible.
[2015.08.13-12.11.26:348][ 11]LogD3D11RHI: InitD3DDevice
[2015.08.13-12.11.31:566][576]LogD3D11RHI: InitD3DDevice
[2015.08.13-12.11.45:665][993]LogD3D11RHI: InitD3DDevice
[2015.08.13-12.12.24:961][299]LogD3D11RHI: InitD3DDevice
[2015.08.13-12.12.47:339][495]LogD3D11RHI: InitD3DDevice
[2015.08.13-12.12.47:900][538]LogD3D11RHI: InitD3DDevice
[2015.08.13-12.13.02:066][355]LogPlayLevel: PIE:  No blueprints needed recompiling
[2015.08.13-12.13.02:066][355]PIE: New page: PIE session: Empty_Level (Aug 13, 2015, 4:13:02 PM)
[2015.08.13-12.13.02:066][355]LogPlayLevel: Creating play world package: /Game/Levels/UEDPIE_0_Empty_Level
[2015.08.13-12.13.02:068][355]LogPlayLevel: PIE: StaticDuplicateObject took: (0.002116s)
[2015.08.13-12.13.02:069][355]LogAIModule: Creating AISystem for world Empty_Level
[2015.08.13-12.13.02:070][355]LogPlayLevel: PIE: World Init took: (0.001396s)
[2015.08.13-12.13.02:070][355]LogPlayLevel: PIE: Created PIE world by copying editor world from /Game/Levels/Empty_Level.Empty_Level to /Game/Levels/UEDPIE_0_Empty_Level.Empty_Level (0.003718s)
[2015.08.13-12.13.02:201][355]LogInit: XAudio2 using 'Speakers (Realtek High Definition Audio)' : 2 channels at 48 kHz using 32 bits per sample (channel mask 0x3)
[2015.08.13-12.13.02:209][355]LogInit: FAudioDevice initialized.
[2015.08.13-12.13.02:245][355]LogWorld: Game class is 'GameMode_SinglePlayer_C'
[2015.08.13-12.13.02:250][355]LogWorld: Bringing World /Game/Levels/UEDPIE_0_Empty_Level.Empty_Level up for play (max tick rate 0) at 2015.08.13-14.13.02
[2015.08.13-12.13.02:250][355]LogActor:Warning: GameSession /Game/Levels/UEDPIE_0_Empty_Level.Empty_Level:PersistentLevel.GameSession_1 has natively added scene component(s), but none of them were set as the actor's RootComponent - picking one arbitrarily
[2015.08.13-12.13.02:251][355]LogActor:Warning: GameNetworkManager /Game/Levels/UEDPIE_0_Empty_Level.Empty_Level:PersistentLevel.GameNetworkManager_1 has natively added scene component(s), but none of them were set as the actor's RootComponent - picking one arbitrarily
[2015.08.13-12.13.02:251][355]LogWorld: Bringing up level for play took: 0.002609
[2015.08.13-12.13.02:263][355]PIE: Info Play in editor start time for /Game/Levels/UEDPIE_0_Empty_Level 1.137
[2015.08.13-12.13.09:912][775]LogParticles: Destroying 0 GPU particle simulations for FXSystem 0x0000001CC8D03880
[2015.08.13-12.13.11:204][842]LogD3D11RHI: InitD3DDevice
[2015.08.13-12.13.15:133][149]LogD3D11RHI: InitD3DDevice
[2015.08.13-12.13.34:936][951]LogD3D11RHI: InitD3DDevice
[2015.08.13-12.13.38:846][378]LogD3D11RHI: InitD3DDevice
[2015.08.13-12.13.41:337][641]LogD3D11RHI: InitD3DDevice
[2015.08.13-12.13.43:200][828]BlueprintLog: New page: Compile Character_John
[2015.08.13-12.13.43:564][828]BlueprintEditorCompileResults: Info [0254.35] Compile of Character_John successful! [in 364 ms]
[2015.08.13-12.13.45:365][ 18]LogPlayLevel: PIE:  No blueprints needed recompiling
[2015.08.13-12.13.45:365][ 18]PIE: New page: PIE session: Empty_Level (Aug 13, 2015, 4:13:45 PM)
[2015.08.13-12.13.45:366][ 18]LogPlayLevel: Creating play world package: /Game/Levels/UEDPIE_0_Empty_Level
[2015.08.13-12.13.45:368][ 18]LogPlayLevel: PIE: StaticDuplicateObject took: (0.001915s)
[2015.08.13-12.13.45:368][ 18]LogAIModule: Creating AISystem for world Empty_Level
[2015.08.13-12.13.45:369][ 18]LogPlayLevel: PIE: World Init took: (0.001076s)
[2015.08.13-12.13.45:369][ 18]LogPlayLevel: PIE: Created PIE world by copying editor world from /Game/Levels/Empty_Level.Empty_Level to /Game/Levels/UEDPIE_0_Empty_Level.Empty_Level (0.003160s)
[2015.08.13-12.13.45:404][ 18]LogInit: XAudio2 using 'Speakers (Realtek High Definition Audio)' : 2 channels at 48 kHz using 32 bits per sample (channel mask 0x3)
[2015.08.13-12.13.45:413][ 18]LogInit: FAudioDevice initialized.
[2015.08.13-12.13.45:449][ 18]LogWorld: Game class is 'GameMode_SinglePlayer_C'
[2015.08.13-12.13.45:454][ 18]LogWorld: Bringing World /Game/Levels/UEDPIE_0_Empty_Level.Empty_Level up for play (max tick rate 0) at 2015.08.13-14.13.45
[2015.08.13-12.13.45:454][ 18]LogActor:Warning: GameSession /Game/Levels/UEDPIE_0_Empty_Level.Empty_Level:PersistentLevel.GameSession_2 has natively added scene component(s), but none of them were set as the actor's RootComponent - picking one arbitrarily
[2015.08.13-12.13.45:454][ 18]LogActor:Warning: GameNetworkManager /Game/Levels/UEDPIE_0_Empty_Level.Empty_Level:PersistentLevel.GameNetworkManager_2 has natively added scene component(s), but none of them were set as the actor's RootComponent - picking one arbitrarily
[2015.08.13-12.13.45:455][ 18]LogWorld: Bringing up level for play took: 0.003292
[2015.08.13-12.13.45:466][ 18]PIE: Info Play in editor start time for /Game/Levels/UEDPIE_0_Empty_Level 0.34
[2015.08.13-12.13.49:926][417]LogD3D11RHI: InitD3DDevice
[2015.08.13-12.13.50:311][454]LogD3D11RHI: InitD3DDevice
[2015.08.13-12.13.52:531][615]LogD3D11RHI: InitD3DDevice
[2015.08.13-12.13.56:251][868]LogParticles: Destroying 0 GPU particle simulations for FXSystem 0x0000001CC92BFC40
[2015.08.13-12.13.56:753][903]LogPlayLevel: PIE:  No blueprints needed recompiling
[2015.08.13-12.13.56:753][903]PIE: New page: PIE session: Empty_Level (Aug 13, 2015, 4:13:56 PM)
[2015.08.13-12.13.56:753][903]LogPlayLevel: Creating play world package: /Game/Levels/UEDPIE_0_Empty_Level
[2015.08.13-12.13.56:756][903]LogPlayLevel: PIE: StaticDuplicateObject took: (0.002117s)
[2015.08.13-12.13.56:756][903]LogAIModule: Creating AISystem for world Empty_Level
[2015.08.13-12.13.56:757][903]LogPlayLevel: PIE: World Init took: (0.001287s)
[2015.08.13-12.13.56:757][903]LogPlayLevel: PIE: Created PIE world by copying editor world from /Game/Levels/Empty_Level.Empty_Level to /Game/Levels/UEDPIE_0_Empty_Level.Empty_Level (0.003589s)
[2015.08.13-12.13.56:790][903]LogInit: XAudio2 using 'Speakers (Realtek High Definition Audio)' : 2 channels at 48 kHz using 32 bits per sample (channel mask 0x3)
[2015.08.13-12.13.56:799][903]LogInit: FAudioDevice initialized.
[2015.08.13-12.13.56:833][903]LogWorld: Game class is 'GameMode_SinglePlayer_C'
[2015.08.13-12.13.56:837][903]LogWorld: Bringing World /Game/Levels/UEDPIE_0_Empty_Level.Empty_Level up for play (max tick rate 0) at 2015.08.13-14.13.56
[2015.08.13-12.13.56:837][903]LogActor:Warning: GameSession /Game/Levels/UEDPIE_0_Empty_Level.Empty_Level:PersistentLevel.GameSession_3 has natively added scene component(s), but none of them were set as the actor's RootComponent - picking one arbitrarily
[2015.08.13-12.13.56:838][903]LogActor:Warning: GameNetworkManager /Game/Levels/UEDPIE_0_Empty_Level.Empty_Level:PersistentLevel.GameNetworkManager_3 has natively added scene component(s), but none of them were set as the actor's RootComponent - picking one arbitrarily
[2015.08.13-12.13.56:838][903]LogWorld: Bringing up level for play took: 0.002561
[2015.08.13-12.13.56:840][903]PIE: Info Play in editor start time for /Game/Levels/UEDPIE_0_Empty_Level -0.286
[2015.08.13-12.13.59:093][ 34]LogD3D11RHI: InitD3DDevice
[2015.08.13-12.14.08:931][696]LogParticles: Destroying 0 GPU particle simulations for FXSystem 0x0000001CC0152FC0
[2015.08.13-12.15.10:630][579]LogD3D11RHI: InitD3DDevice
[2015.08.13-12.16.48:170][838]BlueprintLog: New page: Compile JetpackFuel
[2015.08.13-12.16.48:297][838]BlueprintEditorCompileResults: Info [0439.08] Compile of JetpackFuel successful! [in 126 ms]
[2015.08.13-12.17.56:028][560]LogD3D11RHI: InitD3DDevice
[2015.08.13-12.18.03:661][436]LogD3D11RHI: InitD3DDevice
[2015.08.13-12.18.05:129][594]LogD3D11RHI: InitD3DDevice
[2015.08.13-12.18.31:977][580]LogD3D11RHI: InitD3DDevice
[2015.08.13-12.18.35:892][ 41]LogD3D11RHI: InitD3DDevice
[2015.08.13-12.18.46:289][275]BlueprintLog: New page: Compile Character_John
[2015.08.13-12.18.46:433][275]BlueprintEditorCompileResults: Info [0557.22] Compile of Character_John successful! [in 143 ms]
[2015.08.13-12.18.46:931][332]LogD3D11RHI: InitD3DDevice
[2015.08.13-12.18.47:238][360]LogD3D11RHI: InitD3DDevice
[2015.08.13-12.18.49:679][554]LogPlayLevel: PIE:  No blueprints needed recompiling
[2015.08.13-12.18.49:679][554]PIE: New page: PIE session: Empty_Level (Aug 13, 2015, 4:18:49 PM)
[2015.08.13-12.18.49:680][554]LogPlayLevel: Creating play world package: /Game/Levels/UEDPIE_0_Empty_Level
[2015.08.13-12.18.49:682][554]LogPlayLevel: PIE: StaticDuplicateObject took: (0.002294s)
[2015.08.13-12.18.49:683][554]LogAIModule: Creating AISystem for world Empty_Level
[2015.08.13-12.18.49:684][554]LogPlayLevel: PIE: World Init took: (0.001359s)
[2015.08.13-12.18.49:684][554]LogPlayLevel: PIE: Created PIE world by copying editor world from /Game/Levels/Empty_Level.Empty_Level to /Game/Levels/UEDPIE_0_Empty_Level.Empty_Level (0.003845s)
[2015.08.13-12.18.49:716][554]LogInit: XAudio2 using 'Speakers (Realtek High Definition Audio)' : 2 channels at 48 kHz using 32 bits per sample (channel mask 0x3)
[2015.08.13-12.18.49:724][554]LogInit: FAudioDevice initialized.
[2015.08.13-12.18.49:760][554]LogWorld: Game class is 'GameMode_SinglePlayer_C'
[2015.08.13-12.18.49:765][554]LogWorld: Bringing World /Game/Levels/UEDPIE_0_Empty_Level.Empty_Level up for play (max tick rate 0) at 2015.08.13-14.18.49
[2015.08.13-12.18.49:765][554]LogActor:Warning: GameSession /Game/Levels/UEDPIE_0_Empty_Level.Empty_Level:PersistentLevel.GameSession_4 has natively added scene component(s), but none of them were set as the actor's RootComponent - picking one arbitrarily
[2015.08.13-12.18.49:765][554]LogActor:Warning: GameNetworkManager /Game/Levels/UEDPIE_0_Empty_Level.Empty_Level:PersistentLevel.GameNetworkManager_4 has natively added scene component(s), but none of them were set as the actor's RootComponent - picking one arbitrarily
[2015.08.13-12.18.49:765][554]LogWorld: Bringing up level for play took: 0.002486
[2015.08.13-12.18.49:767][554]PIE: Info Play in editor start time for /Game/Levels/UEDPIE_0_Empty_Level 0.64
[2015.08.13-12.18.51:835][717]LogD3D11RHI: InitD3DDevice
[2015.08.13-12.19.01:059][435]LogParticles: Destroying 0 GPU particle simulations for FXSystem 0x0000001CC34E4360
[2015.08.13-12.19.17:299][653]BlueprintLog: New page: Compile JetpackFuel
[2015.08.13-12.19.17:409][653]BlueprintEditorCompileResults: Info [0588.19] Compile of JetpackFuel successful! [in 110 ms]
[2015.08.13-12.19.20:083][845]BlueprintLog: New page: Pre-PIE auto-recompile
[2015.08.13-12.19.20:115][845]LogPlayLevel: [PIE] Compiling Character_John before PIE...
[2015.08.13-12.19.20:236][845]LogPlayLevel: PIE:  Blueprint regeneration took 152 ms (1 blueprints)
[2015.08.13-12.19.20:236][845]PIE: New page: PIE session: Empty_Level (Aug 13, 2015, 4:19:20 PM)
[2015.08.13-12.19.20:236][845]LogPlayLevel: Creating play world package: /Game/Levels/UEDPIE_0_Empty_Level
[2015.08.13-12.19.20:239][845]LogPlayLevel: PIE: StaticDuplicateObject took: (0.002386s)
[2015.08.13-12.19.20:239][845]LogAIModule: Creating AISystem for world Empty_Level
[2015.08.13-12.19.20:240][845]LogPlayLevel: PIE: World Init took: (0.001313s)
[2015.08.13-12.19.20:240][845]LogPlayLevel: PIE: Created PIE world by copying editor world from /Game/Levels/Empty_Level.Empty_Level to /Game/Levels/UEDPIE_0_Empty_Level.Empty_Level (0.003880s)
[2015.08.13-12.19.20:272][845]LogInit: XAudio2 using 'Speakers (Realtek High Definition Audio)' : 2 channels at 48 kHz using 32 bits per sample (channel mask 0x3)
[2015.08.13-12.19.20:279][845]LogInit: FAudioDevice initialized.
[2015.08.13-12.19.20:314][845]LogWorld: Game class is 'GameMode_SinglePlayer_C'
[2015.08.13-12.19.20:318][845]LogWorld: Bringing World /Game/Levels/UEDPIE_0_Empty_Level.Empty_Level up for play (max tick rate 0) at 2015.08.13-14.19.20
[2015.08.13-12.19.20:318][845]LogActor:Warning: GameSession /Game/Levels/UEDPIE_0_Empty_Level.Empty_Level:PersistentLevel.GameSession_5 has natively added scene component(s), but none of them were set as the actor's RootComponent - picking one arbitrarily
[2015.08.13-12.19.20:318][845]LogActor:Warning: GameNetworkManager /Game/Levels/UEDPIE_0_Empty_Level.Empty_Level:PersistentLevel.GameNetworkManager_5 has natively added scene component(s), but none of them were set as the actor's RootComponent - picking one arbitrarily
[2015.08.13-12.19.20:319][845]LogWorld: Bringing up level for play took: 0.002381
[2015.08.13-12.19.20:321][845]PIE: Info Play in editor start time for /Game/Levels/UEDPIE_0_Empty_Level 1.194
[2015.08.13-12.19.57:709][671]LogParticles: Destroying 0 GPU particle simulations for FXSystem 0x0000001C89FAFA60
[2015.08.13-12.22.10:612][150]LogD3D11RHI: InitD3DDevice
[2015.08.13-12.22.19:610][177]LogD3D11RHI: InitD3DDevice
[2015.08.13-12.22.19:997][177]LogSavePackage: Save=156.332901ms
[2015.08.13-12.22.19:997][177]LogSavePackage: Moving '../../../../../../GitHub/JetpackJohn/JetpackJohn/Saved/Empty_Level_Auto1FE7480D147E8FB55E8CB85A460807F28.tmp' to '../../../../../../GitHub/JetpackJohn/JetpackJohn/Saved/Autosaves/Game/Levels/Empty_Level_Auto1.umap'
[2015.08.13-12.22.20:006][177]LogFileHelpers: Editor autosave (incl. sublevels) for '/Game/Levels/Empty_Level' took 0.278
[2015.08.13-12.22.20:006][177]LogFileHelpers: Editor autosave (incl. sublevels) for all levels took 0.278
[2015.08.13-12.22.20:016][177]OBJ SavePackage: Generating thumbnails for [1] asset(s) in package [/Game/Blueprints/JetpackFuel] ([1] browsable assets)...
[2015.08.13-12.22.20:092][177]OBJ SavePackage:     Rendered thumbnail for [Blueprint /Game/Blueprints/JetpackFuel.JetpackFuel]
[2015.08.13-12.22.20:092][177]OBJ SavePackage: Finished generating thumbnails for package [/Game/Blueprints/JetpackFuel]
[2015.08.13-12.22.20:092][177]Cmd: OBJ SAVEPACKAGE PACKAGE="/Game/Blueprints/JetpackFuel" FILE="../../../../../../GitHub/JetpackJohn/JetpackJohn/Saved/Autosaves/Game/Blueprints/JetpackFuel_Auto1.uasset" SILENT=false AUTOSAVING=true
[2015.08.13-12.22.20:160][177]LogSavePackage: Save=57.232544ms
[2015.08.13-12.22.20:160][177]LogSavePackage: Moving '../../../../../../GitHub/JetpackJohn/JetpackJohn/Saved/JetpackFuel_Auto1B4B9E30244ABE3ACBF29B7BA6A1B6566.tmp' to '../../../../../../GitHub/JetpackJohn/JetpackJohn/Saved/Autosaves/Game/Blueprints/JetpackFuel_Auto1.uasset'
[2015.08.13-12.22.20:164][177]OBJ SavePackage: Generating thumbnails for [0] asset(s) in package [/Game/Blueprints/Characters/Character_John] ([1] browsable assets)...
[2015.08.13-12.22.20:164][177]OBJ SavePackage: Finished generating thumbnails for package [/Game/Blueprints/Characters/Character_John]
[2015.08.13-12.22.20:252][177]LogSavePackage: Save=82.115547ms
[2015.08.13-12.22.20:252][177]LogSavePackage: Moving '../../../../../../GitHub/JetpackJohn/JetpackJohn/Saved/Character_John_Auto15F3867DF4561F2297C90EC8E77E3E32C.tmp' to '../../../../../../GitHub/JetpackJohn/JetpackJohn/Saved/Autosaves/Game/Blueprints/Characters/Character_John_Auto1.uasset'
[2015.08.13-12.22.20:254][177]LogFileHelpers: Auto-saving content packages took 0.245
[2015.08.13-13.36.18:337][269]LogHttp:Warning: Timeout processing Http request. 0000001CC90D1000
[2015.08.13-13.36.49:157][361]LogRenderer: Reallocating scene render targets to support 1208x600 (Frame:32268).
[2015.08.13-13.38.57:260][877]LogPlayLevel: PIE:  No blueprints needed recompiling
[2015.08.13-13.38.57:261][877]PIE: New page: PIE session: Empty_Level (Aug 13, 2015, 5:38:57 PM)
[2015.08.13-13.38.57:261][877]LogPlayLevel: Creating play world package: /Game/Levels/UEDPIE_0_Empty_Level
[2015.08.13-13.38.57:265][877]LogPlayLevel: PIE: StaticDuplicateObject took: (0.004024s)
[2015.08.13-13.38.57:267][877]LogAIModule: Creating AISystem for world Empty_Level
[2015.08.13-13.38.57:268][877]LogPlayLevel: PIE: World Init took: (0.002333s)
[2015.08.13-13.38.57:268][877]LogPlayLevel: PIE: Created PIE world by copying editor world from /Game/Levels/Empty_Level.Empty_Level to /Game/Levels/UEDPIE_0_Empty_Level.Empty_Level (0.006569s)
[2015.08.13-13.38.57:339][877]LogInit: XAudio2 using 'Speakers (Realtek High Definition Audio)' : 2 channels at 48 kHz using 32 bits per sample (channel mask 0x3)
[2015.08.13-13.38.57:348][877]LogInit: FAudioDevice initialized.
[2015.08.13-13.38.57:381][877]LogWorld: Game class is 'GameMode_SinglePlayer_C'
[2015.08.13-13.38.57:386][877]LogWorld: Bringing World /Game/Levels/UEDPIE_0_Empty_Level.Empty_Level up for play (max tick rate 0) at 2015.08.13-15.38.57
[2015.08.13-13.38.57:386][877]LogActor:Warning: GameSession /Game/Levels/UEDPIE_0_Empty_Level.Empty_Level:PersistentLevel.GameSession_6 has natively added scene component(s), but none of them were set as the actor's RootComponent - picking one arbitrarily
[2015.08.13-13.38.57:386][877]LogActor:Warning: GameNetworkManager /Game/Levels/UEDPIE_0_Empty_Level.Empty_Level:PersistentLevel.GameNetworkManager_6 has natively added scene component(s), but none of them were set as the actor's RootComponent - picking one arbitrarily
[2015.08.13-13.38.57:386][877]LogWorld: Bringing up level for play took: 0.002605
[2015.08.13-13.38.57:389][877]PIE: Info Play in editor start time for /Game/Levels/UEDPIE_0_Empty_Level 0.282
[2015.08.13-13.39.06:510][485]LogParticles: Destroying 0 GPU particle simulations for FXSystem 0x0000001CD7FD3240
[2015.08.13-13.42.47:834][762]LogPlayLevel: PIE:  No blueprints needed recompiling
[2015.08.13-13.42.47:834][762]PIE: New page: PIE session: Empty_Level (Aug 13, 2015, 5:42:47 PM)
[2015.08.13-13.42.47:835][762]LogPlayLevel: Creating play world package: /Game/Levels/UEDPIE_0_Empty_Level
[2015.08.13-13.42.47:837][762]LogPlayLevel: PIE: StaticDuplicateObject took: (0.002263s)
[2015.08.13-13.42.47:838][762]LogAIModule: Creating AISystem for world Empty_Level
[2015.08.13-13.42.47:839][762]LogPlayLevel: PIE: World Init took: (0.001866s)
[2015.08.13-13.42.47:839][762]LogPlayLevel: PIE: Created PIE world by copying editor world from /Game/Levels/Empty_Level.Empty_Level to /Game/Levels/UEDPIE_0_Empty_Level.Empty_Level (0.004427s)
[2015.08.13-13.42.47:876][762]LogInit: XAudio2 using 'Speakers (Realtek High Definition Audio)' : 2 channels at 48 kHz using 32 bits per sample (channel mask 0x3)
[2015.08.13-13.42.47:884][762]LogInit: FAudioDevice initialized.
[2015.08.13-13.42.47:918][762]LogWorld: Game class is 'GameMode_SinglePlayer_C'
[2015.08.13-13.42.47:922][762]LogWorld: Bringing World /Game/Levels/UEDPIE_0_Empty_Level.Empty_Level up for play (max tick rate 0) at 2015.08.13-15.42.47
[2015.08.13-13.42.47:922][762]LogActor:Warning: GameSession /Game/Levels/UEDPIE_0_Empty_Level.Empty_Level:PersistentLevel.GameSession_7 has natively added scene component(s), but none of them were set as the actor's RootComponent - picking one arbitrarily
[2015.08.13-13.42.47:923][762]LogActor:Warning: GameNetworkManager /Game/Levels/UEDPIE_0_Empty_Level.Empty_Level:PersistentLevel.GameNetworkManager_7 has natively added scene component(s), but none of them were set as the actor's RootComponent - picking one arbitrarily
[2015.08.13-13.42.47:923][762]LogWorld: Bringing up level for play took: 0.002721
[2015.08.13-13.42.47:926][762]PIE: Info Play in editor start time for /Game/Levels/UEDPIE_0_Empty_Level 0.82
[2015.08.13-13.43.08:504][ 60]LogParticles: Destroying 0 GPU particle simulations for FXSystem 0x0000001CC89279C0
[2015.08.13-13.46.33:660][143]LogD3D11RHI: InitD3DDevice
[2015.08.13-13.46.33:737][143]Cmd: OBJ SAVEPACKAGE PACKAGE="/Game/Levels/Empty_Level" FILE="../../../../../../GitHub/JetpackJohn/JetpackJohn/Content/Levels/Empty_Level.umap" SILENT=true AUTOSAVING=false KEEPDIRTY=false
[2015.08.13-13.46.33:800][143]LogSavePackage: Save=22.646820ms
[2015.08.13-13.46.33:800][143]LogSavePackage: Moving '../../../../../../GitHub/JetpackJohn/JetpackJohn/Saved/Empty_LevelEB3A855F4D06C86AA34AE8BD84AE1CD9.tmp' to '../../../../../../GitHub/JetpackJohn/JetpackJohn/Content/Levels/Empty_Level.umap'
[2015.08.13-13.46.33:831][143]LogFileHelpers: Saving map 'Empty_Level' took 0.150
[2015.08.13-13.46.33:844][143]Cmd: OBJ SAVEPACKAGE PACKAGE="/Game/Blueprints/JetpackFuel" FILE="../../../../../../GitHub/JetpackJohn/JetpackJohn/Content/Blueprints/JetpackFuel.uasset" SILENT=true
[2015.08.13-13.46.33:875][143]LogSavePackage: Save=23.173567ms
[2015.08.13-13.46.33:875][143]LogSavePackage: Moving '../../../../../../GitHub/JetpackJohn/JetpackJohn/Saved/JetpackFuel426794D14C07C61EFCD01D8EA1ED9F86.tmp' to '../../../../../../GitHub/JetpackJohn/JetpackJohn/Content/Blueprints/JetpackFuel.uasset'
[2015.08.13-13.46.33:886][143]Cmd: OBJ SAVEPACKAGE PACKAGE="/Game/Blueprints/Characters/Character_John" FILE="../../../../../../GitHub/JetpackJohn/JetpackJohn/Content/Blueprints/Characters/Character_John.uasset" SILENT=true
[2015.08.13-13.46.33:973][143]LogSavePackage: Save=80.535912ms
[2015.08.13-13.46.33:974][143]LogSavePackage: Moving '../../../../../../GitHub/JetpackJohn/JetpackJohn/Saved/Character_John216A320C4D92A7463273F9A7E49077B0.tmp' to '../../../../../../GitHub/JetpackJohn/JetpackJohn/Content/Blueprints/Characters/Character_John.uasset'
[2015.08.13-13.50.40:496][452]BlueprintLog: New page: Compile Character_John
[2015.08.13-13.50.40:667][452]BlueprintEditorCompileResults: Info [6071.47] Compile of Character_John successful! [in 170 ms]
[2015.08.13-13.51.07:042][ 12]LogRenderer: Reallocating scene render targets to support 1208x944 (Frame:40885).
[2015.08.13-13.51.24:152][  9]LogPlayLevel: PIE:  No blueprints needed recompiling
[2015.08.13-13.51.24:153][  9]PIE: New page: PIE session: Empty_Level (Aug 13, 2015, 5:51:24 PM)
[2015.08.13-13.51.24:153][  9]LogPlayLevel: Creating play world package: /Game/Levels/UEDPIE_0_Empty_Level
[2015.08.13-13.51.24:155][  9]LogPlayLevel: PIE: StaticDuplicateObject took: (0.002277s)
[2015.08.13-13.51.24:156][  9]LogAIModule: Creating AISystem for world Empty_Level
[2015.08.13-13.51.24:157][  9]LogPlayLevel: PIE: World Init took: (0.001530s)
[2015.08.13-13.51.24:157][  9]LogPlayLevel: PIE: Created PIE world by copying editor world from /Game/Levels/Empty_Level.Empty_Level to /Game/Levels/UEDPIE_0_Empty_Level.Empty_Level (0.003993s)
[2015.08.13-13.51.24:197][  9]LogInit: XAudio2 using 'Speakers (Realtek High Definition Audio)' : 2 channels at 48 kHz using 32 bits per sample (channel mask 0x3)
[2015.08.13-13.51.24:206][  9]LogInit: FAudioDevice initialized.
[2015.08.13-13.51.24:240][  9]LogWorld: Game class is 'GameMode_SinglePlayer_C'
[2015.08.13-13.51.24:244][  9]LogWorld: Bringing World /Game/Levels/UEDPIE_0_Empty_Level.Empty_Level up for play (max tick rate 0) at 2015.08.13-15.51.24
[2015.08.13-13.51.24:244][  9]LogActor:Warning: GameSession /Game/Levels/UEDPIE_0_Empty_Level.Empty_Level:PersistentLevel.GameSession_8 has natively added scene component(s), but none of them were set as the actor's RootComponent - picking one arbitrarily
[2015.08.13-13.51.24:245][  9]LogActor:Warning: GameNetworkManager /Game/Levels/UEDPIE_0_Empty_Level.Empty_Level:PersistentLevel.GameNetworkManager_8 has natively added scene component(s), but none of them were set as the actor's RootComponent - picking one arbitrarily
[2015.08.13-13.51.24:245][  9]LogWorld: Bringing up level for play took: 0.002626
[2015.08.13-13.51.24:247][  9]PIE: Info Play in editor start time for /Game/Levels/UEDPIE_0_Empty_Level -0.859
[2015.08.13-13.51.29:768][337]LogParticles: Destroying 0 GPU particle simulations for FXSystem 0x0000001CB788A160
[2015.08.13-13.51.45:091][381]BlueprintLog: New page: Pre-PIE auto-recompile
[2015.08.13-13.51.45:110][381]LogPlayLevel: [PIE] Compiling Character_John before PIE...
[2015.08.13-13.51.45:242][381]LogPlayLevel: PIE:  Blueprint regeneration took 150 ms (1 blueprints)
[2015.08.13-13.51.45:242][381]PIE: New page: PIE session: Empty_Level (Aug 13, 2015, 5:51:45 PM)
[2015.08.13-13.51.45:242][381]LogPlayLevel: Creating play world package: /Game/Levels/UEDPIE_0_Empty_Level
[2015.08.13-13.51.45:245][381]LogPlayLevel: PIE: StaticDuplicateObject took: (0.002198s)
[2015.08.13-13.51.45:245][381]LogAIModule: Creating AISystem for world Empty_Level
[2015.08.13-13.51.45:246][381]LogPlayLevel: PIE: World Init took: (0.001352s)
[2015.08.13-13.51.45:246][381]LogPlayLevel: PIE: Created PIE world by copying editor world from /Game/Levels/Empty_Level.Empty_Level to /Game/Levels/UEDPIE_0_Empty_Level.Empty_Level (0.003723s)
[2015.08.13-13.51.45:283][381]LogInit: XAudio2 using 'Speakers (Realtek High Definition Audio)' : 2 channels at 48 kHz using 32 bits per sample (channel mask 0x3)
[2015.08.13-13.51.45:290][381]LogInit: FAudioDevice initialized.
[2015.08.13-13.51.45:326][381]LogWorld: Game class is 'GameMode_SinglePlayer_C'
[2015.08.13-13.51.45:330][381]LogWorld: Bringing World /Game/Levels/UEDPIE_0_Empty_Level.Empty_Level up for play (max tick rate 0) at 2015.08.13-15.51.45
[2015.08.13-13.51.45:330][381]LogActor:Warning: GameSession /Game/Levels/UEDPIE_0_Empty_Level.Empty_Level:PersistentLevel.GameSession_9 has natively added scene component(s), but none of them were set as the actor's RootComponent - picking one arbitrarily
[2015.08.13-13.51.45:330][381]LogActor:Warning: GameNetworkManager /Game/Levels/UEDPIE_0_Empty_Level.Empty_Level:PersistentLevel.GameNetworkManager_9 has natively added scene component(s), but none of them were set as the actor's RootComponent - picking one arbitrarily
[2015.08.13-13.51.45:331][381]LogWorld: Bringing up level for play took: 0.002401
[2015.08.13-13.51.45:333][381]PIE: Info Play in editor start time for /Game/Levels/UEDPIE_0_Empty_Level 0.226
[2015.08.13-13.51.46:246][439]LogD3D11RHI: InitD3DDevice
[2015.08.13-13.52.07:736][905]LogParticles: Destroying 0 GPU particle simulations for FXSystem 0x0000001CC0F2BBA0
[2015.08.13-13.52.41:546][ 44]BlueprintLog: New page: Pre-PIE auto-recompile
[2015.08.13-13.52.41:565][ 44]LogPlayLevel: [PIE] Compiling Character_John before PIE...
[2015.08.13-13.52.41:719][ 44]LogPlayLevel: PIE:  Blueprint regeneration took 174 ms (1 blueprints)
[2015.08.13-13.52.41:720][ 44]PIE: New page: PIE session: Empty_Level (Aug 13, 2015, 5:52:41 PM)
[2015.08.13-13.52.41:720][ 44]LogPlayLevel: Creating play world package: /Game/Levels/UEDPIE_0_Empty_Level
[2015.08.13-13.52.41:723][ 44]LogPlayLevel: PIE: StaticDuplicateObject took: (0.002393s)
[2015.08.13-13.52.41:724][ 44]LogAIModule: Creating AISystem for world Empty_Level
[2015.08.13-13.52.41:725][ 44]LogPlayLevel: PIE: World Init took: (0.002103s)
[2015.08.13-13.52.41:725][ 44]LogPlayLevel: PIE: Created PIE world by copying editor world from /Game/Levels/Empty_Level.Empty_Level to /Game/Levels/UEDPIE_0_Empty_Level.Empty_Level (0.004733s)
[2015.08.13-13.52.41:759][ 44]LogInit: XAudio2 using 'Speakers (Realtek High Definition Audio)' : 2 channels at 48 kHz using 32 bits per sample (channel mask 0x3)
[2015.08.13-13.52.41:769][ 44]LogInit: FAudioDevice initialized.
[2015.08.13-13.52.41:801][ 44]LogWorld: Game class is 'GameMode_SinglePlayer_C'
[2015.08.13-13.52.41:805][ 44]LogWorld: Bringing World /Game/Levels/UEDPIE_0_Empty_Level.Empty_Level up for play (max tick rate 0) at 2015.08.13-15.52.41
[2015.08.13-13.52.41:806][ 44]LogActor:Warning: GameSession /Game/Levels/UEDPIE_0_Empty_Level.Empty_Level:PersistentLevel.GameSession_10 has natively added scene component(s), but none of them were set as the actor's RootComponent - picking one arbitrarily
[2015.08.13-13.52.41:806][ 44]LogActor:Warning: GameNetworkManager /Game/Levels/UEDPIE_0_Empty_Level.Empty_Level:PersistentLevel.GameNetworkManager_10 has natively added scene component(s), but none of them were set as the actor's RootComponent - picking one arbitrarily
[2015.08.13-13.52.41:806][ 44]LogWorld: Bringing up level for play took: 0.002783
[2015.08.13-13.52.41:810][ 44]PIE: Info Play in editor start time for /Game/Levels/UEDPIE_0_Empty_Level 0.704
[2015.08.13-13.52.47:084][438]LogParticles: Destroying 0 GPU particle simulations for FXSystem 0x0000001CB788B060
[2015.08.13-13.52.56:124][  7]BlueprintLog: New page: Compile Character_John
[2015.08.13-13.52.56:280][  7]BlueprintEditorCompileResults: Info [6207.08] Compile of Character_John successful! [in 155 ms]
[2015.08.13-13.52.57:628][106]LogPlayLevel: PIE:  No blueprints needed recompiling
[2015.08.13-13.52.57:629][106]PIE: New page: PIE session: Empty_Level (Aug 13, 2015, 5:52:57 PM)
[2015.08.13-13.52.57:629][106]LogPlayLevel: Creating play world package: /Game/Levels/UEDPIE_0_Empty_Level
[2015.08.13-13.52.57:631][106]LogPlayLevel: PIE: StaticDuplicateObject took: (0.002300s)
[2015.08.13-13.52.57:632][106]LogAIModule: Creating AISystem for world Empty_Level
[2015.08.13-13.52.57:633][106]LogPlayLevel: PIE: World Init took: (0.001773s)
[2015.08.13-13.52.57:633][106]LogPlayLevel: PIE: Created PIE world by copying editor world from /Game/Levels/Empty_Level.Empty_Level to /Game/Levels/UEDPIE_0_Empty_Level.Empty_Level (0.004263s)
[2015.08.13-13.52.57:668][106]LogInit: XAudio2 using 'Speakers (Realtek High Definition Audio)' : 2 channels at 48 kHz using 32 bits per sample (channel mask 0x3)
[2015.08.13-13.52.57:679][106]LogInit: FAudioDevice initialized.
[2015.08.13-13.52.57:713][106]LogWorld: Game class is 'GameMode_SinglePlayer_C'
[2015.08.13-13.52.57:717][106]LogWorld: Bringing World /Game/Levels/UEDPIE_0_Empty_Level.Empty_Level up for play (max tick rate 0) at 2015.08.13-15.52.57
[2015.08.13-13.52.57:717][106]LogActor:Warning: GameSession /Game/Levels/UEDPIE_0_Empty_Level.Empty_Level:PersistentLevel.GameSession_11 has natively added scene component(s), but none of them were set as the actor's RootComponent - picking one arbitrarily
[2015.08.13-13.52.57:717][106]LogActor:Warning: GameNetworkManager /Game/Levels/UEDPIE_0_Empty_Level.Empty_Level:PersistentLevel.GameNetworkManager_11 has natively added scene component(s), but none of them were set as the actor's RootComponent - picking one arbitrarily
[2015.08.13-13.52.57:717][106]LogWorld: Bringing up level for play took: 0.002711
[2015.08.13-13.52.57:720][106]PIE: Info Play in editor start time for /Game/Levels/UEDPIE_0_Empty_Level 0.613
[2015.08.13-13.55.24:998][364]LogParticles: Destroying 0 GPU particle simulations for FXSystem 0x0000001CC0C8B740
[2015.08.13-13.59.25:926][687]LogD3D11RHI: InitD3DDevice
[2015.08.13-13.59.34:931][714]LogD3D11RHI: InitD3DDevice
[2015.08.13-13.59.35:096][714]LogFileHelpers: Editor autosave (incl. sublevels) for '/Game/Levels/Empty_Level' took 0.030
[2015.08.13-13.59.35:102][714]OBJ SavePackage: Generating thumbnails for [0] asset(s) in package [/Game/Blueprints/Characters/Character_John] ([1] browsable assets)...
[2015.08.13-13.59.35:102][714]OBJ SavePackage: Finished generating thumbnails for package [/Game/Blueprints/Characters/Character_John]
[2015.08.13-13.59.35:215][714]LogSavePackage: Save=107.338753ms
[2015.08.13-13.59.35:215][714]LogSavePackage: Moving '../../../../../../GitHub/JetpackJohn/JetpackJohn/Saved/Character_John_Auto26D41757D4C81EF9EA9B29AA323F7DA79.tmp' to '../../../../../../GitHub/JetpackJohn/JetpackJohn/Saved/Autosaves/Game/Blueprints/Characters/Character_John_Auto2.uasset'
[2015.08.13-13.59.35:216][714]LogFileHelpers: Auto-saving content packages took 0.119
[2015.08.13-14.05.53:594][260]LogPlayLevel: PIE:  No blueprints needed recompiling
[2015.08.13-14.05.53:594][260]PIE: New page: PIE session: Empty_Level (Aug 13, 2015, 6:05:53 PM)
[2015.08.13-14.05.53:595][260]LogPlayLevel: Creating play world package: /Game/Levels/UEDPIE_0_Empty_Level
[2015.08.13-14.05.53:600][260]LogPlayLevel: PIE: StaticDuplicateObject took: (0.004903s)
[2015.08.13-14.05.53:601][260]LogAIModule: Creating AISystem for world Empty_Level
[2015.08.13-14.05.53:602][260]LogPlayLevel: PIE: World Init took: (0.002113s)
[2015.08.13-14.05.53:602][260]LogPlayLevel: PIE: Created PIE world by copying editor world from /Game/Levels/Empty_Level.Empty_Level to /Game/Levels/UEDPIE_0_Empty_Level.Empty_Level (0.007235s)
[2015.08.13-14.05.53:634][260]LogInit: XAudio2 using 'Speakers (Realtek High Definition Audio)' : 2 channels at 48 kHz using 32 bits per sample (channel mask 0x3)
[2015.08.13-14.05.53:644][260]LogInit: FAudioDevice initialized.
[2015.08.13-14.05.53:681][260]LogWorld: Game class is 'GameMode_SinglePlayer_C'
[2015.08.13-14.05.53:686][260]LogWorld: Bringing World /Game/Levels/UEDPIE_0_Empty_Level.Empty_Level up for play (max tick rate 0) at 2015.08.13-16.05.53
[2015.08.13-14.05.53:686][260]LogActor:Warning: GameSession /Game/Levels/UEDPIE_0_Empty_Level.Empty_Level:PersistentLevel.GameSession_12 has natively added scene component(s), but none of them were set as the actor's RootComponent - picking one arbitrarily
[2015.08.13-14.05.53:686][260]LogActor:Warning: GameNetworkManager /Game/Levels/UEDPIE_0_Empty_Level.Empty_Level:PersistentLevel.GameNetworkManager_12 has natively added scene component(s), but none of them were set as the actor's RootComponent - picking one arbitrarily
[2015.08.13-14.05.53:686][260]LogWorld: Bringing up level for play took: 0.002517
[2015.08.13-14.05.53:689][260]PIE: Info Play in editor start time for /Game/Levels/UEDPIE_0_Empty_Level 0.582
[2015.08.13-14.06.38:349][667]LogParticles: Destroying 0 GPU particle simulations for FXSystem 0x0000001CC0F2A200
[2015.08.13-14.14.45:586][953]LogEditorViewport: Clicking on Actor (LMB): JetpackFuel_C (JetpackFuel)
[2015.08.13-14.14.50:746][278]LogD3D11RHI: InitD3DDevice
[2015.08.13-14.14.51:436][314]LogD3D11RHI: InitD3DDevice
[2015.08.13-14.14.52:600][314]Cmd: MAP LOAD FILE="../../../Engine/Content/Maps/Templates/Template_Default.umap" TEMPLATE=1 SHOWPROGRESS=1 FEATURELEVEL=3
[2015.08.13-14.14.52:613][314]LogD3D11RHI: InitD3DDevice
[2015.08.13-14.14.52:639][314]LightingResults: New page: Lighting Build
[2015.08.13-14.14.52:668][314]LoadErrors: New page: Loading map: Template_Default.umap
[2015.08.13-14.14.52:669][314]MapCheck: New page: Map Check
[2015.08.13-14.14.52:669][314]LightingResults: New page: Lighting Build
[2015.08.13-14.14.52:695][314]LogParticles: Destroying 0 GPU particle simulations for FXSystem 0x0000001C9FC637E0
[2015.08.13-14.14.52:783][314]LogAIModule: Creating AISystem for world Untitled_2
[2015.08.13-14.14.52:800][314]LogEditorServer: Finished looking for orphan Actors (0.000 secs)
[2015.08.13-14.14.52:822][314]Cmd: MAP CHECKDEP NOCLEARLOG
[2015.08.13-14.14.52:868][314]MapCheck: Info Map check complete: 0 Error(s), 0 Warning(s), took 46.167ms to complete.
[2015.08.13-14.14.52:868][314]LogFileHelpers: Loading map 'Template_Default' took 0.274
[2015.08.13-14.14.58:232][731]LogD3D11RHI: InitD3DDevice
[2015.08.13-14.14.58:252][731]Cmd: OBJ SAVEPACKAGE PACKAGE="/Game/Blueprints/Characters/Character_John" FILE="../../../../../../GitHub/JetpackJohn/JetpackJohn/Content/Blueprints/Characters/Character_John.uasset" SILENT=true
[2015.08.13-14.14.58:338][731]LogSavePackage: Save=80.270576ms
[2015.08.13-14.14.58:338][731]LogSavePackage: Moving '../../../../../../GitHub/JetpackJohn/JetpackJohn/Saved/Character_JohnADE5076F44C218E85948F1A7EEB2DFF2.tmp' to '../../../../../../GitHu